{"C:\\Users\\victor.ezaki\\Documents\\aula-avaliacao-recuperacao-ads\\index.js": {"path":"C:\\Users\\victor.ezaki\\Documents\\aula-avaliacao-recuperacao-ads\\index.js","statementMap":{"0":{"start":{"line":1,"column":16},"end":{"line":1,"column":34}},"1":{"start":{"line":2,"column":17},"end":{"line":2,"column":42}},"2":{"start":{"line":3,"column":21},"end":{"line":3,"column":51}},"3":{"start":{"line":4,"column":21},"end":{"line":4,"column":51}},"4":{"start":{"line":5,"column":18},"end":{"line":5,"column":45}},"5":{"start":{"line":7,"column":13},"end":{"line":7,"column":17}},"6":{"start":{"line":8,"column":12},"end":{"line":8,"column":21}},"7":{"start":{"line":10,"column":0},"end":{"line":10,"column":23}},"8":{"start":{"line":12,"column":0},"end":{"line":12,"column":42}},"9":{"start":{"line":14,"column":0},"end":{"line":14,"column":39}},"10":{"start":{"line":15,"column":0},"end":{"line":15,"column":39}},"11":{"start":{"line":17,"column":0},"end":{"line":29,"column":6}},"12":{"start":{"line":21,"column":8},"end":{"line":25,"column":9}},"13":{"start":{"line":22,"column":12},"end":{"line":24,"column":15}},"14":{"start":{"line":23,"column":16},"end":{"line":23,"column":62}},"15":{"start":{"line":28,"column":8},"end":{"line":28,"column":68}},"16":{"start":{"line":31,"column":0},"end":{"line":31,"column":21}}},"fnMap":{"0":{"name":"(anonymous_0)","decl":{"start":{"line":19,"column":10},"end":{"line":19,"column":11}},"loc":{"start":{"line":19,"column":17},"end":{"line":26,"column":5}},"line":19},"1":{"name":"(anonymous_1)","decl":{"start":{"line":22,"column":29},"end":{"line":22,"column":30}},"loc":{"start":{"line":22,"column":35},"end":{"line":24,"column":13}},"line":22},"2":{"name":"(anonymous_2)","decl":{"start":{"line":27,"column":11},"end":{"line":27,"column":12}},"loc":{"start":{"line":27,"column":18},"end":{"line":29,"column":5}},"line":27}},"branchMap":{"0":{"loc":{"start":{"line":21,"column":8},"end":{"line":25,"column":9}},"type":"if","locations":[{"start":{"line":21,"column":8},"end":{"line":25,"column":9}},{"start":{},"end":{}}],"line":21}},"s":{"0":2,"1":2,"2":2,"3":2,"4":2,"5":2,"6":2,"7":2,"8":2,"9":2,"10":2,"11":2,"12":2,"13":0,"14":0,"15":0,"16":2},"f":{"0":2,"1":0,"2":0},"b":{"0":[0,2]},"_coverageSchema":"1a1c01bbd47fc00a2c39e90264f33305004495a9","hash":"e4db8d70120a063d8934c2029ab0aa2123d140d8"}
,"C:\\Users\\victor.ezaki\\Documents\\aula-avaliacao-recuperacao-ads\\src\\database.js": {"path":"C:\\Users\\victor.ezaki\\Documents\\aula-avaliacao-recuperacao-ads\\src\\database.js","statementMap":{"0":{"start":{"line":1,"column":22},"end":{"line":1,"column":42}},"1":{"start":{"line":2,"column":0},"end":{"line":2,"column":26}},"2":{"start":{"line":6,"column":8},"end":{"line":6,"column":19}},"3":{"start":{"line":10,"column":8},"end":{"line":16,"column":10}},"4":{"start":{"line":20,"column":0},"end":{"line":20,"column":31}}},"fnMap":{"0":{"name":"(anonymous_0)","decl":{"start":{"line":5,"column":4},"end":{"line":5,"column":5}},"loc":{"start":{"line":5,"column":18},"end":{"line":7,"column":5}},"line":5},"1":{"name":"(anonymous_1)","decl":{"start":{"line":9,"column":4},"end":{"line":9,"column":5}},"loc":{"start":{"line":9,"column":11},"end":{"line":17,"column":5}},"line":9}},"branchMap":{},"s":{"0":4,"1":4,"2":4,"3":4,"4":4},"f":{"0":4,"1":4},"b":{},"_coverageSchema":"1a1c01bbd47fc00a2c39e90264f33305004495a9","hash":"38e34279e8dfd803b4adc5ce58d28ae8fa5807ee"}
,"C:\\Users\\victor.ezaki\\Documents\\aula-avaliacao-recuperacao-ads\\src\\api\\filial.js": {"path":"C:\\Users\\victor.ezaki\\Documents\\aula-avaliacao-recuperacao-ads\\src\\api\\filial.js","statementMap":{"0":{"start":{"line":1,"column":22},"end":{"line":1,"column":50}},"1":{"start":{"line":6,"column":8},"end":{"line":13,"column":9}},"2":{"start":{"line":7,"column":27},"end":{"line":7,"column":37}},"3":{"start":{"line":8,"column":27},"end":{"line":8,"column":59}},"4":{"start":{"line":10,"column":12},"end":{"line":10,"column":44}},"5":{"start":{"line":12,"column":12},"end":{"line":12,"column":56}},"6":{"start":{"line":17,"column":8},"end":{"line":24,"column":9}},"7":{"start":{"line":18,"column":52},"end":{"line":18,"column":60}},"8":{"start":{"line":19,"column":27},"end":{"line":19,"column":82}},"9":{"start":{"line":21,"column":12},"end":{"line":21,"column":44}},"10":{"start":{"line":23,"column":12},"end":{"line":23,"column":56}},"11":{"start":{"line":28,"column":8},"end":{"line":36,"column":9}},"12":{"start":{"line":29,"column":27},"end":{"line":29,"column":37}},"13":{"start":{"line":30,"column":52},"end":{"line":30,"column":60}},"14":{"start":{"line":31,"column":27},"end":{"line":31,"column":86}},"15":{"start":{"line":33,"column":12},"end":{"line":33,"column":44}},"16":{"start":{"line":35,"column":12},"end":{"line":35,"column":56}},"17":{"start":{"line":40,"column":8},"end":{"line":47,"column":9}},"18":{"start":{"line":41,"column":27},"end":{"line":41,"column":37}},"19":{"start":{"line":42,"column":27},"end":{"line":42,"column":57}},"20":{"start":{"line":44,"column":12},"end":{"line":44,"column":44}},"21":{"start":{"line":46,"column":12},"end":{"line":46,"column":56}},"22":{"start":{"line":51,"column":0},"end":{"line":51,"column":32}}},"fnMap":{"0":{"name":"(anonymous_0)","decl":{"start":{"line":5,"column":4},"end":{"line":5,"column":5}},"loc":{"start":{"line":5,"column":29},"end":{"line":14,"column":5}},"line":5},"1":{"name":"(anonymous_1)","decl":{"start":{"line":16,"column":4},"end":{"line":16,"column":5}},"loc":{"start":{"line":16,"column":27},"end":{"line":25,"column":5}},"line":16},"2":{"name":"(anonymous_2)","decl":{"start":{"line":27,"column":4},"end":{"line":27,"column":5}},"loc":{"start":{"line":27,"column":27},"end":{"line":37,"column":5}},"line":27},"3":{"name":"(anonymous_3)","decl":{"start":{"line":39,"column":4},"end":{"line":39,"column":5}},"loc":{"start":{"line":39,"column":27},"end":{"line":48,"column":5}},"line":39}},"branchMap":{},"s":{"0":2,"1":0,"2":0,"3":0,"4":0,"5":0,"6":7,"7":7,"8":7,"9":3,"10":4,"11":2,"12":2,"13":2,"14":2,"15":1,"16":1,"17":0,"18":0,"19":0,"20":0,"21":0,"22":2},"f":{"0":0,"1":7,"2":2,"3":0},"b":{},"_coverageSchema":"1a1c01bbd47fc00a2c39e90264f33305004495a9","hash":"adefe0007e041f0b3c6f036205b4513792cf3409"}
,"C:\\Users\\victor.ezaki\\Documents\\aula-avaliacao-recuperacao-ads\\src\\api\\pessoa.js": {"path":"C:\\Users\\victor.ezaki\\Documents\\aula-avaliacao-recuperacao-ads\\src\\api\\pessoa.js","statementMap":{"0":{"start":{"line":1,"column":22},"end":{"line":1,"column":50}},"1":{"start":{"line":6,"column":8},"end":{"line":13,"column":9}},"2":{"start":{"line":7,"column":37},"end":{"line":7,"column":48}},"3":{"start":{"line":8,"column":27},"end":{"line":8,"column":69}},"4":{"start":{"line":10,"column":12},"end":{"line":10,"column":44}},"5":{"start":{"line":12,"column":12},"end":{"line":12,"column":56}},"6":{"start":{"line":17,"column":8},"end":{"line":24,"column":9}},"7":{"start":{"line":18,"column":29},"end":{"line":18,"column":49}},"8":{"start":{"line":19,"column":29},"end":{"line":19,"column":66}},"9":{"start":{"line":21,"column":12},"end":{"line":21,"column":45}},"10":{"start":{"line":23,"column":12},"end":{"line":23,"column":56}},"11":{"start":{"line":28,"column":8},"end":{"line":36,"column":9}},"12":{"start":{"line":29,"column":29},"end":{"line":29,"column":49}},"13":{"start":{"line":30,"column":52},"end":{"line":30,"column":60}},"14":{"start":{"line":31,"column":27},"end":{"line":31,"column":92}},"15":{"start":{"line":33,"column":12},"end":{"line":33,"column":44}},"16":{"start":{"line":35,"column":12},"end":{"line":35,"column":56}},"17":{"start":{"line":40,"column":8},"end":{"line":49,"column":9}},"18":{"start":{"line":41,"column":29},"end":{"line":41,"column":49}},"19":{"start":{"line":42,"column":23},"end":{"line":42,"column":54}},"20":{"start":{"line":43,"column":52},"end":{"line":43,"column":60}},"21":{"start":{"line":44,"column":27},"end":{"line":44,"column":96}},"22":{"start":{"line":46,"column":12},"end":{"line":46,"column":44}},"23":{"start":{"line":48,"column":12},"end":{"line":48,"column":56}},"24":{"start":{"line":53,"column":8},"end":{"line":61,"column":9}},"25":{"start":{"line":54,"column":29},"end":{"line":54,"column":49}},"26":{"start":{"line":55,"column":23},"end":{"line":55,"column":54}},"27":{"start":{"line":56,"column":27},"end":{"line":56,"column":67}},"28":{"start":{"line":58,"column":12},"end":{"line":58,"column":44}},"29":{"start":{"line":60,"column":12},"end":{"line":60,"column":56}},"30":{"start":{"line":65,"column":8},"end":{"line":72,"column":9}},"31":{"start":{"line":66,"column":40},"end":{"line":66,"column":48}},"32":{"start":{"line":67,"column":26},"end":{"line":67,"column":68}},"33":{"start":{"line":69,"column":12},"end":{"line":69,"column":43}},"34":{"start":{"line":71,"column":12},"end":{"line":71,"column":56}},"35":{"start":{"line":76,"column":0},"end":{"line":76,"column":32}}},"fnMap":{"0":{"name":"(anonymous_0)","decl":{"start":{"line":5,"column":4},"end":{"line":5,"column":5}},"loc":{"start":{"line":5,"column":29},"end":{"line":14,"column":5}},"line":5},"1":{"name":"(anonymous_1)","decl":{"start":{"line":16,"column":4},"end":{"line":16,"column":5}},"loc":{"start":{"line":16,"column":28},"end":{"line":25,"column":5}},"line":16},"2":{"name":"(anonymous_2)","decl":{"start":{"line":27,"column":4},"end":{"line":27,"column":5}},"loc":{"start":{"line":27,"column":27},"end":{"line":37,"column":5}},"line":27},"3":{"name":"(anonymous_3)","decl":{"start":{"line":39,"column":4},"end":{"line":39,"column":5}},"loc":{"start":{"line":39,"column":27},"end":{"line":50,"column":5}},"line":39},"4":{"name":"(anonymous_4)","decl":{"start":{"line":52,"column":4},"end":{"line":52,"column":5}},"loc":{"start":{"line":52,"column":27},"end":{"line":62,"column":5}},"line":52},"5":{"name":"(anonymous_5)","decl":{"start":{"line":64,"column":4},"end":{"line":64,"column":5}},"loc":{"start":{"line":64,"column":26},"end":{"line":73,"column":5}},"line":64}},"branchMap":{"0":{"loc":{"start":{"line":42,"column":23},"end":{"line":42,"column":54}},"type":"binary-expr","locations":[{"start":{"line":42,"column":23},"end":{"line":42,"column":36}},{"start":{"line":42,"column":40},"end":{"line":42,"column":54}}],"line":42},"1":{"loc":{"start":{"line":55,"column":23},"end":{"line":55,"column":54}},"type":"binary-expr","locations":[{"start":{"line":55,"column":23},"end":{"line":55,"column":36}},{"start":{"line":55,"column":40},"end":{"line":55,"column":54}}],"line":55}},"s":{"0":2,"1":1,"2":1,"3":1,"4":1,"5":0,"6":0,"7":0,"8":0,"9":0,"10":0,"11":3,"12":3,"13":3,"14":3,"15":2,"16":1,"17":1,"18":1,"19":1,"20":1,"21":1,"22":1,"23":0,"24":2,"25":2,"26":2,"27":2,"28":2,"29":0,"30":2,"31":2,"32":2,"33":2,"34":0,"35":2},"f":{"0":1,"1":0,"2":3,"3":1,"4":2,"5":2},"b":{"0":[1,0],"1":[2,0]},"_coverageSchema":"1a1c01bbd47fc00a2c39e90264f33305004495a9","hash":"30649024ec3079f588c75b0dfd8dd7df02d1aa74"}
,"C:\\Users\\victor.ezaki\\Documents\\aula-avaliacao-recuperacao-ads\\src\\fns\\generate-password.js": {"path":"C:\\Users\\victor.ezaki\\Documents\\aula-avaliacao-recuperacao-ads\\src\\fns\\generate-password.js","statementMap":{"0":{"start":{"line":1,"column":15},"end":{"line":1,"column":32}},"1":{"start":{"line":4,"column":4},"end":{"line":4,"column":51}},"2":{"start":{"line":7,"column":0},"end":{"line":7,"column":33}}},"fnMap":{"0":{"name":"generatePassword","decl":{"start":{"line":3,"column":9},"end":{"line":3,"column":25}},"loc":{"start":{"line":3,"column":32},"end":{"line":5,"column":1}},"line":3}},"branchMap":{},"s":{"0":5,"1":11,"2":5},"f":{"0":11},"b":{},"_coverageSchema":"1a1c01bbd47fc00a2c39e90264f33305004495a9","hash":"d54922cd8f9dc3cb406373aee635129b47d36b6d"}
,"C:\\Users\\victor.ezaki\\Documents\\aula-avaliacao-recuperacao-ads\\src\\middleware\\auth.js": {"path":"C:\\Users\\victor.ezaki\\Documents\\aula-avaliacao-recuperacao-ads\\src\\middleware\\auth.js","statementMap":{"0":{"start":{"line":1,"column":0},"end":{"line":1,"column":26}},"1":{"start":{"line":2,"column":12},"end":{"line":2,"column":35}},"2":{"start":{"line":3,"column":15},"end":{"line":3,"column":43}},"3":{"start":{"line":5,"column":18},"end":{"line":5,"column":40}},"4":{"start":{"line":8,"column":4},"end":{"line":32,"column":5}},"5":{"start":{"line":9,"column":22},"end":{"line":9,"column":50}},"6":{"start":{"line":11,"column":8},"end":{"line":14,"column":9}},"7":{"start":{"line":12,"column":11},"end":{"line":12,"column":75}},"8":{"start":{"line":13,"column":11},"end":{"line":13,"column":17}},"9":{"start":{"line":16,"column":8},"end":{"line":31,"column":10}},"10":{"start":{"line":17,"column":12},"end":{"line":21,"column":13}},"11":{"start":{"line":18,"column":16},"end":{"line":18,"column":32}},"12":{"start":{"line":19,"column":16},"end":{"line":19,"column":80}},"13":{"start":{"line":20,"column":16},"end":{"line":20,"column":22}},"14":{"start":{"line":23,"column":27},"end":{"line":23,"column":72}},"15":{"start":{"line":24,"column":12},"end":{"line":27,"column":13}},"16":{"start":{"line":25,"column":16},"end":{"line":25,"column":81}},"17":{"start":{"line":26,"column":16},"end":{"line":26,"column":22}},"18":{"start":{"line":29,"column":12},"end":{"line":29,"column":33}},"19":{"start":{"line":30,"column":12},"end":{"line":30,"column":18}},"20":{"start":{"line":35,"column":0},"end":{"line":35,"column":31}}},"fnMap":{"0":{"name":"authMiddleware","decl":{"start":{"line":7,"column":9},"end":{"line":7,"column":23}},"loc":{"start":{"line":7,"column":30},"end":{"line":33,"column":1}},"line":7},"1":{"name":"(anonymous_1)","decl":{"start":{"line":8,"column":11},"end":{"line":8,"column":12}},"loc":{"start":{"line":8,"column":31},"end":{"line":32,"column":5}},"line":8},"2":{"name":"(anonymous_2)","decl":{"start":{"line":16,"column":37},"end":{"line":16,"column":38}},"loc":{"start":{"line":16,"column":61},"end":{"line":31,"column":9}},"line":16}},"branchMap":{"0":{"loc":{"start":{"line":11,"column":8},"end":{"line":14,"column":9}},"type":"if","locations":[{"start":{"line":11,"column":8},"end":{"line":14,"column":9}},{"start":{},"end":{}}],"line":11},"1":{"loc":{"start":{"line":17,"column":12},"end":{"line":21,"column":13}},"type":"if","locations":[{"start":{"line":17,"column":12},"end":{"line":21,"column":13}},{"start":{},"end":{}}],"line":17},"2":{"loc":{"start":{"line":24,"column":12},"end":{"line":27,"column":13}},"type":"if","locations":[{"start":{"line":24,"column":12},"end":{"line":27,"column":13}},{"start":{},"end":{}}],"line":24},"3":{"loc":{"start":{"line":24,"column":15},"end":{"line":24,"column":64}},"type":"binary-expr","locations":[{"start":{"line":24,"column":15},"end":{"line":24,"column":22}},{"start":{"line":24,"column":27},"end":{"line":24,"column":31}},{"start":{"line":24,"column":35},"end":{"line":24,"column":63}}],"line":24}},"s":{"0":2,"1":2,"2":2,"3":2,"4":22,"5":10,"6":10,"7":1,"8":1,"9":9,"10":9,"11":0,"12":0,"13":0,"14":9,"15":9,"16":0,"17":0,"18":9,"19":9,"20":2},"f":{"0":22,"1":10,"2":9},"b":{"0":[1,9],"1":[0,9],"2":[0,9],"3":[9,9,9]},"_coverageSchema":"1a1c01bbd47fc00a2c39e90264f33305004495a9","hash":"de131ed690c08f9c67a88831e7dd0c6576bf3552"}
,"C:\\Users\\victor.ezaki\\Documents\\aula-avaliacao-recuperacao-ads\\src\\model\\filial.js": {"path":"C:\\Users\\victor.ezaki\\Documents\\aula-avaliacao-recuperacao-ads\\src\\model\\filial.js","statementMap":{"0":{"start":{"line":1,"column":17},"end":{"line":1,"column":39}},"1":{"start":{"line":5,"column":8},"end":{"line":28,"column":10}},"2":{"start":{"line":32,"column":0},"end":{"line":32,"column":35}}},"fnMap":{"0":{"name":"(anonymous_0)","decl":{"start":{"line":4,"column":4},"end":{"line":4,"column":5}},"loc":{"start":{"line":4,"column":18},"end":{"line":29,"column":5}},"line":4}},"branchMap":{},"s":{"0":4,"1":4,"2":4},"f":{"0":4},"b":{},"_coverageSchema":"1a1c01bbd47fc00a2c39e90264f33305004495a9","hash":"df08de6a99930f1dc0912a2a8a31cc16b58ddfb8"}
,"C:\\Users\\victor.ezaki\\Documents\\aula-avaliacao-recuperacao-ads\\src\\model\\pessoa.js": {"path":"C:\\Users\\victor.ezaki\\Documents\\aula-avaliacao-recuperacao-ads\\src\\model\\pessoa.js","statementMap":{"0":{"start":{"line":1,"column":17},"end":{"line":1,"column":39}},"1":{"start":{"line":2,"column":15},"end":{"line":2,"column":34}},"2":{"start":{"line":6,"column":8},"end":{"line":36,"column":10}},"3":{"start":{"line":38,"column":8},"end":{"line":40,"column":10}},"4":{"start":{"line":41,"column":8},"end":{"line":43,"column":10}},"5":{"start":{"line":47,"column":0},"end":{"line":47,"column":35}}},"fnMap":{"0":{"name":"(anonymous_0)","decl":{"start":{"line":5,"column":4},"end":{"line":5,"column":5}},"loc":{"start":{"line":5,"column":18},"end":{"line":44,"column":5}},"line":5}},"branchMap":{},"s":{"0":4,"1":4,"2":4,"3":4,"4":4,"5":4},"f":{"0":4},"b":{},"_coverageSchema":"1a1c01bbd47fc00a2c39e90264f33305004495a9","hash":"5e630aa8690cf9d65d79285148f7cd88170e80ce"}
,"C:\\Users\\victor.ezaki\\Documents\\aula-avaliacao-recuperacao-ads\\src\\routes\\filial.js": {"path":"C:\\Users\\victor.ezaki\\Documents\\aula-avaliacao-recuperacao-ads\\src\\routes\\filial.js","statementMap":{"0":{"start":{"line":1,"column":16},"end":{"line":1,"column":34}},"1":{"start":{"line":2,"column":18},"end":{"line":2,"column":42}},"2":{"start":{"line":3,"column":23},"end":{"line":3,"column":52}},"3":{"start":{"line":5,"column":21},"end":{"line":5,"column":37}},"4":{"start":{"line":7,"column":0},"end":{"line":7,"column":69}},"5":{"start":{"line":8,"column":0},"end":{"line":8,"column":40}},"6":{"start":{"line":9,"column":0},"end":{"line":9,"column":67}},"7":{"start":{"line":10,"column":0},"end":{"line":10,"column":70}},"8":{"start":{"line":12,"column":0},"end":{"line":12,"column":29}}},"fnMap":{},"branchMap":{},"s":{"0":2,"1":2,"2":2,"3":2,"4":2,"5":2,"6":2,"7":2,"8":2},"f":{},"b":{},"_coverageSchema":"1a1c01bbd47fc00a2c39e90264f33305004495a9","hash":"b68e48f9cb056249f2ede9cf46e1973ee75fff0f"}
,"C:\\Users\\victor.ezaki\\Documents\\aula-avaliacao-recuperacao-ads\\src\\routes\\pessoa.js": {"path":"C:\\Users\\victor.ezaki\\Documents\\aula-avaliacao-recuperacao-ads\\src\\routes\\pessoa.js","statementMap":{"0":{"start":{"line":1,"column":16},"end":{"line":1,"column":34}},"1":{"start":{"line":2,"column":18},"end":{"line":2,"column":42}},"2":{"start":{"line":3,"column":23},"end":{"line":3,"column":52}},"3":{"start":{"line":5,"column":21},"end":{"line":5,"column":37}},"4":{"start":{"line":8,"column":0},"end":{"line":8,"column":63}},"5":{"start":{"line":9,"column":0},"end":{"line":9,"column":57}},"6":{"start":{"line":10,"column":0},"end":{"line":10,"column":60}},"7":{"start":{"line":13,"column":0},"end":{"line":13,"column":65}},"8":{"start":{"line":14,"column":0},"end":{"line":14,"column":65}},"9":{"start":{"line":15,"column":0},"end":{"line":15,"column":69}},"10":{"start":{"line":16,"column":0},"end":{"line":16,"column":67}},"11":{"start":{"line":17,"column":0},"end":{"line":17,"column":70}},"12":{"start":{"line":19,"column":0},"end":{"line":19,"column":29}}},"fnMap":{},"branchMap":{},"s":{"0":2,"1":2,"2":2,"3":2,"4":2,"5":2,"6":2,"7":2,"8":2,"9":2,"10":2,"11":2,"12":2},"f":{},"b":{},"_coverageSchema":"1a1c01bbd47fc00a2c39e90264f33305004495a9","hash":"8e9d45b6f36eec8820827a423d115e2653fb48ba"}
,"C:\\Users\\victor.ezaki\\Documents\\aula-avaliacao-recuperacao-ads\\src\\service\\filial.js": {"path":"C:\\Users\\victor.ezaki\\Documents\\aula-avaliacao-recuperacao-ads\\src\\service\\filial.js","statementMap":{"0":{"start":{"line":1,"column":25},"end":{"line":1,"column":60}},"1":{"start":{"line":2,"column":20},"end":{"line":2,"column":46}},"2":{"start":{"line":3,"column":22},"end":{"line":3,"column":41}},"3":{"start":{"line":8,"column":8},"end":{"line":8,"column":56}},"4":{"start":{"line":12,"column":8},"end":{"line":20,"column":9}},"5":{"start":{"line":13,"column":12},"end":{"line":13,"column":58}},"6":{"start":{"line":14,"column":15},"end":{"line":20,"column":9}},"7":{"start":{"line":15,"column":12},"end":{"line":15,"column":62}},"8":{"start":{"line":16,"column":15},"end":{"line":20,"column":9}},"9":{"start":{"line":17,"column":12},"end":{"line":17,"column":62}},"10":{"start":{"line":18,"column":15},"end":{"line":20,"column":9}},"11":{"start":{"line":19,"column":12},"end":{"line":19,"column":59}},"12":{"start":{"line":21,"column":23},"end":{"line":24,"column":9}},"13":{"start":{"line":26,"column":25},"end":{"line":26,"column":45}},"14":{"start":{"line":27,"column":23},"end":{"line":34,"column":9}},"15":{"start":{"line":36,"column":8},"end":{"line":36,"column":69}},"16":{"start":{"line":40,"column":23},"end":{"line":40,"column":59}},"17":{"start":{"line":41,"column":8},"end":{"line":43,"column":9}},"18":{"start":{"line":42,"column":12},"end":{"line":42,"column":52}},"19":{"start":{"line":45,"column":8},"end":{"line":45,"column":41}},"20":{"start":{"line":46,"column":8},"end":{"line":46,"column":50}},"21":{"start":{"line":47,"column":8},"end":{"line":47,"column":44}},"22":{"start":{"line":48,"column":8},"end":{"line":48,"column":44}},"23":{"start":{"line":50,"column":8},"end":{"line":50,"column":43}},"24":{"start":{"line":54,"column":23},"end":{"line":54,"column":59}},"25":{"start":{"line":56,"column":8},"end":{"line":58,"column":9}},"26":{"start":{"line":57,"column":12},"end":{"line":57,"column":52}},"27":{"start":{"line":60,"column":8},"end":{"line":60,"column":39}},"28":{"start":{"line":65,"column":0},"end":{"line":65,"column":36}}},"fnMap":{"0":{"name":"(anonymous_0)","decl":{"start":{"line":7,"column":4},"end":{"line":7,"column":5}},"loc":{"start":{"line":7,"column":36},"end":{"line":9,"column":5}},"line":7},"1":{"name":"(anonymous_1)","decl":{"start":{"line":11,"column":4},"end":{"line":11,"column":5}},"loc":{"start":{"line":11,"column":59},"end":{"line":37,"column":5}},"line":11},"2":{"name":"(anonymous_2)","decl":{"start":{"line":39,"column":4},"end":{"line":39,"column":5}},"loc":{"start":{"line":39,"column":63},"end":{"line":51,"column":5}},"line":39},"3":{"name":"(anonymous_3)","decl":{"start":{"line":53,"column":4},"end":{"line":53,"column":5}},"loc":{"start":{"line":53,"column":34},"end":{"line":61,"column":5}},"line":53}},"branchMap":{"0":{"loc":{"start":{"line":12,"column":8},"end":{"line":20,"column":9}},"type":"if","locations":[{"start":{"line":12,"column":8},"end":{"line":20,"column":9}},{"start":{"line":14,"column":15},"end":{"line":20,"column":9}}],"line":12},"1":{"loc":{"start":{"line":14,"column":15},"end":{"line":20,"column":9}},"type":"if","locations":[{"start":{"line":14,"column":15},"end":{"line":20,"column":9}},{"start":{"line":16,"column":15},"end":{"line":20,"column":9}}],"line":14},"2":{"loc":{"start":{"line":16,"column":15},"end":{"line":20,"column":9}},"type":"if","locations":[{"start":{"line":16,"column":15},"end":{"line":20,"column":9}},{"start":{"line":18,"column":15},"end":{"line":20,"column":9}}],"line":16},"3":{"loc":{"start":{"line":18,"column":15},"end":{"line":20,"column":9}},"type":"if","locations":[{"start":{"line":18,"column":15},"end":{"line":20,"column":9}},{"start":{},"end":{}}],"line":18},"4":{"loc":{"start":{"line":41,"column":8},"end":{"line":43,"column":9}},"type":"if","locations":[{"start":{"line":41,"column":8},"end":{"line":43,"column":9}},{"start":{},"end":{}}],"line":41},"5":{"loc":{"start":{"line":45,"column":22},"end":{"line":45,"column":41}},"type":"binary-expr","locations":[{"start":{"line":45,"column":22},"end":{"line":45,"column":26}},{"start":{"line":45,"column":30},"end":{"line":45,"column":41}}],"line":45},"6":{"loc":{"start":{"line":46,"column":25},"end":{"line":46,"column":50}},"type":"binary-expr","locations":[{"start":{"line":46,"column":25},"end":{"line":46,"column":32}},{"start":{"line":46,"column":36},"end":{"line":46,"column":50}}],"line":46},"7":{"loc":{"start":{"line":47,"column":23},"end":{"line":47,"column":44}},"type":"binary-expr","locations":[{"start":{"line":47,"column":23},"end":{"line":47,"column":28}},{"start":{"line":47,"column":32},"end":{"line":47,"column":44}}],"line":47},"8":{"loc":{"start":{"line":48,"column":23},"end":{"line":48,"column":44}},"type":"binary-expr","locations":[{"start":{"line":48,"column":23},"end":{"line":48,"column":28}},{"start":{"line":48,"column":32},"end":{"line":48,"column":44}}],"line":48},"9":{"loc":{"start":{"line":56,"column":8},"end":{"line":58,"column":9}},"type":"if","locations":[{"start":{"line":56,"column":8},"end":{"line":58,"column":9}},{"start":{},"end":{}}],"line":56}},"s":{"0":4,"1":4,"2":4,"3":6,"4":14,"5":2,"6":12,"7":2,"8":10,"9":2,"10":8,"11":2,"12":6,"13":6,"14":6,"15":6,"16":4,"17":4,"18":2,"19":2,"20":2,"21":2,"22":2,"23":2,"24":1,"25":1,"26":1,"27":0,"28":4},"f":{"0":6,"1":14,"2":4,"3":1},"b":{"0":[2,12],"1":[2,10],"2":[2,8],"3":[2,6],"4":[2,2],"5":[2,0],"6":[2,0],"7":[2,0],"8":[2,0],"9":[1,0]},"_coverageSchema":"1a1c01bbd47fc00a2c39e90264f33305004495a9","hash":"41b10dd32de0c6c7b2822e2d3a822610e187ca69"}
,"C:\\Users\\victor.ezaki\\Documents\\aula-avaliacao-recuperacao-ads\\src\\service\\pessoa.js": {"path":"C:\\Users\\victor.ezaki\\Documents\\aula-avaliacao-recuperacao-ads\\src\\service\\pessoa.js","statementMap":{"0":{"start":{"line":1,"column":0},"end":{"line":1,"column":26}},"1":{"start":{"line":2,"column":20},"end":{"line":2,"column":46}},"2":{"start":{"line":3,"column":15},"end":{"line":3,"column":32}},"3":{"start":{"line":4,"column":12},"end":{"line":4,"column":35}},"4":{"start":{"line":6,"column":14},"end":{"line":6,"column":35}},"5":{"start":{"line":7,"column":13},"end":{"line":7,"column":15}},"6":{"start":{"line":8,"column":18},"end":{"line":8,"column":40}},"7":{"start":{"line":12,"column":8},"end":{"line":14,"column":9}},"8":{"start":{"line":18,"column":8},"end":{"line":20,"column":9}},"9":{"start":{"line":24,"column":8},"end":{"line":34,"column":9}},"10":{"start":{"line":25,"column":12},"end":{"line":25,"column":54}},"11":{"start":{"line":26,"column":15},"end":{"line":34,"column":9}},"12":{"start":{"line":27,"column":12},"end":{"line":27,"column":52}},"13":{"start":{"line":28,"column":15},"end":{"line":34,"column":9}},"14":{"start":{"line":29,"column":12},"end":{"line":29,"column":53}},"15":{"start":{"line":30,"column":15},"end":{"line":34,"column":9}},"16":{"start":{"line":31,"column":12},"end":{"line":31,"column":53}},"17":{"start":{"line":32,"column":15},"end":{"line":34,"column":9}},"18":{"start":{"line":33,"column":12},"end":{"line":33,"column":70}},"19":{"start":{"line":36,"column":25},"end":{"line":36,"column":58}},"20":{"start":{"line":38,"column":8},"end":{"line":41,"column":9}},"21":{"start":{"line":45,"column":26},"end":{"line":45,"column":72}},"22":{"start":{"line":46,"column":8},"end":{"line":48,"column":9}},"23":{"start":{"line":47,"column":12},"end":{"line":47,"column":52}},"24":{"start":{"line":50,"column":8},"end":{"line":52,"column":9}},"25":{"start":{"line":51,"column":12},"end":{"line":51,"column":70}},"26":{"start":{"line":54,"column":8},"end":{"line":56,"column":9}},"27":{"start":{"line":55,"column":12},"end":{"line":55,"column":33}},"28":{"start":{"line":58,"column":8},"end":{"line":58,"column":47}},"29":{"start":{"line":59,"column":8},"end":{"line":59,"column":50}},"30":{"start":{"line":60,"column":8},"end":{"line":60,"column":94}},"31":{"start":{"line":62,"column":8},"end":{"line":62,"column":45}},"32":{"start":{"line":64,"column":8},"end":{"line":64,"column":24}},"33":{"start":{"line":68,"column":26},"end":{"line":68,"column":72}},"34":{"start":{"line":70,"column":8},"end":{"line":72,"column":9}},"35":{"start":{"line":71,"column":12},"end":{"line":71,"column":52}},"36":{"start":{"line":74,"column":8},"end":{"line":74,"column":42}},"37":{"start":{"line":78,"column":8},"end":{"line":80,"column":9}},"38":{"start":{"line":79,"column":12},"end":{"line":79,"column":59}},"39":{"start":{"line":82,"column":23},"end":{"line":85,"column":9}},"40":{"start":{"line":86,"column":8},"end":{"line":88,"column":9}},"41":{"start":{"line":87,"column":12},"end":{"line":87,"column":55}},"42":{"start":{"line":90,"column":23},"end":{"line":90,"column":70}},"43":{"start":{"line":92,"column":8},"end":{"line":98,"column":9}},"44":{"start":{"line":93,"column":12},"end":{"line":97,"column":50}},"45":{"start":{"line":100,"column":8},"end":{"line":100,"column":51}},"46":{"start":{"line":104,"column":8},"end":{"line":106,"column":9}},"47":{"start":{"line":110,"column":0},"end":{"line":110,"column":36}}},"fnMap":{"0":{"name":"(anonymous_0)","decl":{"start":{"line":11,"column":4},"end":{"line":11,"column":5}},"loc":{"start":{"line":11,"column":41},"end":{"line":15,"column":5}},"line":11},"1":{"name":"(anonymous_1)","decl":{"start":{"line":17,"column":4},"end":{"line":17,"column":5}},"loc":{"start":{"line":17,"column":46},"end":{"line":21,"column":5}},"line":17},"2":{"name":"(anonymous_2)","decl":{"start":{"line":23,"column":4},"end":{"line":23,"column":5}},"loc":{"start":{"line":23,"column":69},"end":{"line":42,"column":5}},"line":23},"3":{"name":"(anonymous_3)","decl":{"start":{"line":44,"column":4},"end":{"line":44,"column":5}},"loc":{"start":{"line":44,"column":73},"end":{"line":65,"column":5}},"line":44},"4":{"name":"(anonymous_4)","decl":{"start":{"line":67,"column":4},"end":{"line":67,"column":5}},"loc":{"start":{"line":67,"column":44},"end":{"line":75,"column":5}},"line":67},"5":{"name":"(anonymous_5)","decl":{"start":{"line":77,"column":4},"end":{"line":77,"column":5}},"loc":{"start":{"line":77,"column":46},"end":{"line":101,"column":5}},"line":77},"6":{"name":"(anonymous_6)","decl":{"start":{"line":103,"column":4},"end":{"line":103,"column":5}},"loc":{"start":{"line":103,"column":40},"end":{"line":107,"column":5}},"line":103}},"branchMap":{"0":{"loc":{"start":{"line":24,"column":8},"end":{"line":34,"column":9}},"type":"if","locations":[{"start":{"line":24,"column":8},"end":{"line":34,"column":9}},{"start":{"line":26,"column":15},"end":{"line":34,"column":9}}],"line":24},"1":{"loc":{"start":{"line":26,"column":15},"end":{"line":34,"column":9}},"type":"if","locations":[{"start":{"line":26,"column":15},"end":{"line":34,"column":9}},{"start":{"line":28,"column":15},"end":{"line":34,"column":9}}],"line":26},"2":{"loc":{"start":{"line":28,"column":15},"end":{"line":34,"column":9}},"type":"if","locations":[{"start":{"line":28,"column":15},"end":{"line":34,"column":9}},{"start":{"line":30,"column":15},"end":{"line":34,"column":9}}],"line":28},"3":{"loc":{"start":{"line":30,"column":15},"end":{"line":34,"column":9}},"type":"if","locations":[{"start":{"line":30,"column":15},"end":{"line":34,"column":9}},{"start":{"line":32,"column":15},"end":{"line":34,"column":9}}],"line":30},"4":{"loc":{"start":{"line":32,"column":15},"end":{"line":34,"column":9}},"type":"if","locations":[{"start":{"line":32,"column":15},"end":{"line":34,"column":9}},{"start":{},"end":{}}],"line":32},"5":{"loc":{"start":{"line":32,"column":18},"end":{"line":32,"column":48}},"type":"binary-expr","locations":[{"start":{"line":32,"column":18},"end":{"line":32,"column":23}},{"start":{"line":32,"column":27},"end":{"line":32,"column":48}}],"line":32},"6":{"loc":{"start":{"line":46,"column":8},"end":{"line":48,"column":9}},"type":"if","locations":[{"start":{"line":46,"column":8},"end":{"line":48,"column":9}},{"start":{},"end":{}}],"line":46},"7":{"loc":{"start":{"line":50,"column":8},"end":{"line":52,"column":9}},"type":"if","locations":[{"start":{"line":50,"column":8},"end":{"line":52,"column":9}},{"start":{},"end":{}}],"line":50},"8":{"loc":{"start":{"line":50,"column":11},"end":{"line":50,"column":40}},"type":"binary-expr","locations":[{"start":{"line":50,"column":11},"end":{"line":50,"column":15}},{"start":{"line":50,"column":19},"end":{"line":50,"column":40}}],"line":50},"9":{"loc":{"start":{"line":54,"column":8},"end":{"line":56,"column":9}},"type":"if","locations":[{"start":{"line":54,"column":8},"end":{"line":56,"column":9}},{"start":{},"end":{}}],"line":54},"10":{"loc":{"start":{"line":54,"column":11},"end":{"line":54,"column":45}},"type":"binary-expr","locations":[{"start":{"line":54,"column":11},"end":{"line":54,"column":15}},{"start":{"line":54,"column":19},"end":{"line":54,"column":45}}],"line":54},"11":{"loc":{"start":{"line":58,"column":25},"end":{"line":58,"column":47}},"type":"binary-expr","locations":[{"start":{"line":58,"column":25},"end":{"line":58,"column":29}},{"start":{"line":58,"column":33},"end":{"line":58,"column":47}}],"line":58},"12":{"loc":{"start":{"line":59,"column":26},"end":{"line":59,"column":50}},"type":"binary-expr","locations":[{"start":{"line":59,"column":26},"end":{"line":59,"column":31}},{"start":{"line":59,"column":35},"end":{"line":59,"column":50}}],"line":59},"13":{"loc":{"start":{"line":60,"column":29},"end":{"line":60,"column":94}},"type":"cond-expr","locations":[{"start":{"line":60,"column":40},"end":{"line":60,"column":73}},{"start":{"line":60,"column":76},"end":{"line":60,"column":94}}],"line":60},"14":{"loc":{"start":{"line":70,"column":8},"end":{"line":72,"column":9}},"type":"if","locations":[{"start":{"line":70,"column":8},"end":{"line":72,"column":9}},{"start":{},"end":{}}],"line":70},"15":{"loc":{"start":{"line":78,"column":8},"end":{"line":80,"column":9}},"type":"if","locations":[{"start":{"line":78,"column":8},"end":{"line":80,"column":9}},{"start":{},"end":{}}],"line":78},"16":{"loc":{"start":{"line":78,"column":11},"end":{"line":78,"column":30}},"type":"binary-expr","locations":[{"start":{"line":78,"column":11},"end":{"line":78,"column":17}},{"start":{"line":78,"column":21},"end":{"line":78,"column":30}}],"line":78},"17":{"loc":{"start":{"line":86,"column":8},"end":{"line":88,"column":9}},"type":"if","locations":[{"start":{"line":86,"column":8},"end":{"line":88,"column":9}},{"start":{},"end":{}}],"line":86},"18":{"loc":{"start":{"line":92,"column":8},"end":{"line":98,"column":9}},"type":"if","locations":[{"start":{"line":92,"column":8},"end":{"line":98,"column":9}},{"start":{},"end":{}}],"line":92}},"s":{"0":4,"1":4,"2":4,"3":4,"4":4,"5":4,"6":4,"7":0,"8":7,"9":16,"10":1,"11":15,"12":2,"13":13,"14":1,"15":12,"16":1,"17":11,"18":2,"19":9,"20":9,"21":3,"22":3,"23":0,"24":3,"25":1,"26":2,"27":2,"28":2,"29":2,"30":2,"31":2,"32":2,"33":3,"34":3,"35":0,"36":3,"37":3,"38":1,"39":2,"40":2,"41":0,"42":2,"43":2,"44":2,"45":0,"46":9,"47":4},"f":{"0":0,"1":7,"2":16,"3":3,"4":3,"5":3,"6":9},"b":{"0":[1,15],"1":[2,13],"2":[1,12],"3":[1,11],"4":[2,9],"5":[11,10],"6":[0,3],"7":[1,2],"8":[3,3],"9":[2,0],"10":[2,2],"11":[2,0],"12":[2,0],"13":[2,0],"14":[0,3],"15":[1,2],"16":[3,2],"17":[0,2],"18":[2,0]},"_coverageSchema":"1a1c01bbd47fc00a2c39e90264f33305004495a9","hash":"cd3c8fb78a38e4e1152173aa3218e3661aef8239"}
}
