TN:
SF:index.js
FN:19,(anonymous_0)
FN:22,(anonymous_1)
FN:27,(anonymous_2)
FNF:3
FNH:1
FNDA:2,(anonymous_0)
FNDA:0,(anonymous_1)
FNDA:0,(anonymous_2)
DA:1,2
DA:2,2
DA:3,2
DA:4,2
DA:5,2
DA:7,2
DA:8,2
DA:10,2
DA:12,2
DA:14,2
DA:15,2
DA:17,2
DA:21,2
DA:22,0
DA:23,0
DA:28,0
DA:31,2
LF:17
LH:14
BRDA:21,0,0,0
BRDA:21,0,1,2
BRF:2
BRH:1
end_of_record
TN:
SF:src\database.js
FN:5,(anonymous_0)
FN:9,(anonymous_1)
FNF:2
FNH:2
FNDA:4,(anonymous_0)
FNDA:4,(anonymous_1)
DA:1,4
DA:2,4
DA:6,4
DA:10,4
DA:20,4
LF:5
LH:5
BRF:0
BRH:0
end_of_record
TN:
SF:src\api\filial.js
FN:5,(anonymous_0)
FN:16,(anonymous_1)
FN:27,(anonymous_2)
FN:39,(anonymous_3)
FNF:4
FNH:2
FNDA:0,(anonymous_0)
FNDA:7,(anonymous_1)
FNDA:2,(anonymous_2)
FNDA:0,(anonymous_3)
DA:1,2
DA:6,0
DA:7,0
DA:8,0
DA:10,0
DA:12,0
DA:17,7
DA:18,7
DA:19,7
DA:21,3
DA:23,4
DA:28,2
DA:29,2
DA:30,2
DA:31,2
DA:33,1
DA:35,1
DA:40,0
DA:41,0
DA:42,0
DA:44,0
DA:46,0
DA:51,2
LF:23
LH:13
BRF:0
BRH:0
end_of_record
TN:
SF:src\api\pessoa.js
FN:5,(anonymous_0)
FN:16,(anonymous_1)
FN:27,(anonymous_2)
FN:39,(anonymous_3)
FN:52,(anonymous_4)
FN:64,(anonymous_5)
FNF:6
FNH:5
FNDA:1,(anonymous_0)
FNDA:0,(anonymous_1)
FNDA:3,(anonymous_2)
FNDA:1,(anonymous_3)
FNDA:2,(anonymous_4)
FNDA:2,(anonymous_5)
DA:1,2
DA:6,1
DA:7,1
DA:8,1
DA:10,1
DA:12,0
DA:17,0
DA:18,0
DA:19,0
DA:21,0
DA:23,0
DA:28,3
DA:29,3
DA:30,3
DA:31,3
DA:33,2
DA:35,1
DA:40,1
DA:41,1
DA:42,1
DA:43,1
DA:44,1
DA:46,1
DA:48,0
DA:53,2
DA:54,2
DA:55,2
DA:56,2
DA:58,2
DA:60,0
DA:65,2
DA:66,2
DA:67,2
DA:69,2
DA:71,0
DA:76,2
LF:36
LH:27
BRDA:42,0,0,1
BRDA:42,0,1,0
BRDA:55,1,0,2
BRDA:55,1,1,0
BRF:4
BRH:2
end_of_record
TN:
SF:src\fns\generate-password.js
FN:3,generatePassword
FNF:1
FNH:1
FNDA:11,generatePassword
DA:1,5
DA:4,11
DA:7,5
LF:3
LH:3
BRF:0
BRH:0
end_of_record
TN:
SF:src\middleware\auth.js
FN:7,authMiddleware
FN:8,(anonymous_1)
FN:16,(anonymous_2)
FNF:3
FNH:3
FNDA:22,authMiddleware
FNDA:10,(anonymous_1)
FNDA:9,(anonymous_2)
DA:1,2
DA:2,2
DA:3,2
DA:5,2
DA:8,22
DA:9,10
DA:11,10
DA:12,1
DA:13,1
DA:16,9
DA:17,9
DA:18,0
DA:19,0
DA:20,0
DA:23,9
DA:24,9
DA:25,0
DA:26,0
DA:29,9
DA:30,9
DA:35,2
LF:21
LH:16
BRDA:11,0,0,1
BRDA:11,0,1,9
BRDA:17,1,0,0
BRDA:17,1,1,9
BRDA:24,2,0,0
BRDA:24,2,1,9
BRDA:24,3,0,9
BRDA:24,3,1,9
BRDA:24,3,2,9
BRF:9
BRH:7
end_of_record
TN:
SF:src\model\filial.js
FN:4,(anonymous_0)
FNF:1
FNH:1
FNDA:4,(anonymous_0)
DA:1,4
DA:5,4
DA:32,4
LF:3
LH:3
BRF:0
BRH:0
end_of_record
TN:
SF:src\model\pessoa.js
FN:5,(anonymous_0)
FNF:1
FNH:1
FNDA:4,(anonymous_0)
DA:1,4
DA:2,4
DA:6,4
DA:38,4
DA:41,4
DA:47,4
LF:6
LH:6
BRF:0
BRH:0
end_of_record
TN:
SF:src\routes\filial.js
FNF:0
FNH:0
DA:1,2
DA:2,2
DA:3,2
DA:5,2
DA:7,2
DA:8,2
DA:9,2
DA:10,2
DA:12,2
LF:9
LH:9
BRF:0
BRH:0
end_of_record
TN:
SF:src\routes\pessoa.js
FNF:0
FNH:0
DA:1,2
DA:2,2
DA:3,2
DA:5,2
DA:8,2
DA:9,2
DA:10,2
DA:13,2
DA:14,2
DA:15,2
DA:16,2
DA:17,2
DA:19,2
LF:13
LH:13
BRF:0
BRH:0
end_of_record
TN:
SF:src\service\filial.js
FN:7,(anonymous_0)
FN:11,(anonymous_1)
FN:39,(anonymous_2)
FN:53,(anonymous_3)
FNF:4
FNH:4
FNDA:6,(anonymous_0)
FNDA:14,(anonymous_1)
FNDA:4,(anonymous_2)
FNDA:1,(anonymous_3)
DA:1,4
DA:2,4
DA:3,4
DA:8,6
DA:12,14
DA:13,2
DA:14,12
DA:15,2
DA:16,10
DA:17,2
DA:18,8
DA:19,2
DA:21,6
DA:26,6
DA:27,6
DA:36,6
DA:40,4
DA:41,4
DA:42,2
DA:45,2
DA:46,2
DA:47,2
DA:48,2
DA:50,2
DA:54,1
DA:56,1
DA:57,1
DA:60,0
DA:65,4
LF:29
LH:28
BRDA:12,0,0,2
BRDA:12,0,1,12
BRDA:14,1,0,2
BRDA:14,1,1,10
BRDA:16,2,0,2
BRDA:16,2,1,8
BRDA:18,3,0,2
BRDA:18,3,1,6
BRDA:41,4,0,2
BRDA:41,4,1,2
BRDA:45,5,0,2
BRDA:45,5,1,0
BRDA:46,6,0,2
BRDA:46,6,1,0
BRDA:47,7,0,2
BRDA:47,7,1,0
BRDA:48,8,0,2
BRDA:48,8,1,0
BRDA:56,9,0,1
BRDA:56,9,1,0
BRF:20
BRH:15
end_of_record
TN:
SF:src\service\pessoa.js
FN:11,(anonymous_0)
FN:17,(anonymous_1)
FN:23,(anonymous_2)
FN:44,(anonymous_3)
FN:67,(anonymous_4)
FN:77,(anonymous_5)
FN:103,(anonymous_6)
FNF:7
FNH:6
FNDA:0,(anonymous_0)
FNDA:7,(anonymous_1)
FNDA:16,(anonymous_2)
FNDA:3,(anonymous_3)
FNDA:3,(anonymous_4)
FNDA:3,(anonymous_5)
FNDA:9,(anonymous_6)
DA:1,4
DA:2,4
DA:3,4
DA:4,4
DA:6,4
DA:7,4
DA:8,4
DA:12,0
DA:18,7
DA:24,16
DA:25,1
DA:26,15
DA:27,2
DA:28,13
DA:29,1
DA:30,12
DA:31,1
DA:32,11
DA:33,2
DA:36,9
DA:38,9
DA:45,3
DA:46,3
DA:47,0
DA:50,3
DA:51,1
DA:54,2
DA:55,2
DA:58,2
DA:59,2
DA:60,2
DA:62,2
DA:64,2
DA:68,3
DA:70,3
DA:71,0
DA:74,3
DA:78,3
DA:79,1
DA:82,2
DA:86,2
DA:87,0
DA:90,2
DA:92,2
DA:93,2
DA:100,0
DA:104,9
DA:110,4
LF:48
LH:43
BRDA:24,0,0,1
BRDA:24,0,1,15
BRDA:26,1,0,2
BRDA:26,1,1,13
BRDA:28,2,0,1
BRDA:28,2,1,12
BRDA:30,3,0,1
BRDA:30,3,1,11
BRDA:32,4,0,2
BRDA:32,4,1,9
BRDA:32,5,0,11
BRDA:32,5,1,10
BRDA:46,6,0,0
BRDA:46,6,1,3
BRDA:50,7,0,1
BRDA:50,7,1,2
BRDA:50,8,0,3
BRDA:50,8,1,3
BRDA:54,9,0,2
BRDA:54,9,1,0
BRDA:54,10,0,2
BRDA:54,10,1,2
BRDA:58,11,0,2
BRDA:58,11,1,0
BRDA:59,12,0,2
BRDA:59,12,1,0
BRDA:60,13,0,2
BRDA:60,13,1,0
BRDA:70,14,0,0
BRDA:70,14,1,3
BRDA:78,15,0,1
BRDA:78,15,1,2
BRDA:78,16,0,3
BRDA:78,16,1,2
BRDA:86,17,0,0
BRDA:86,17,1,2
BRDA:92,18,0,2
BRDA:92,18,1,0
BRF:38
BRH:30
end_of_record
